SF:/home/ubuntu/OmSTU-AMCS-SummerPractice2023/spacebattle/spacebattle.cs
FN:5,System.Double[] spacebattle.SpaceShip::Move(System.Boolean,System.Boolean,System.Boolean,System.Double[],System.Double[])
FNDA:6,System.Double[] spacebattle.SpaceShip::Move(System.Boolean,System.Boolean,System.Boolean,System.Double[],System.Double[])
DA:6,6
DA:7,9
DA:8,3
DA:10,3
DA:11,3
DA:12,3
BRDA:7,2,0,5
BRDA:7,5,0,4
BRDA:7,2,1,2
BRDA:7,5,1,2
BRDA:7,16,0,3
BRDA:7,16,1,3
FN:14,System.Double spacebattle.SpaceShip::Fuel(System.Double,System.Double)
FNDA:10,System.Double spacebattle.SpaceShip::Fuel(System.Double,System.Double)
DA:15,10
DA:16,12
DA:17,2
DA:19,8
DA:20,8
DA:21,8
BRDA:16,7,0,2
BRDA:16,7,1,8
FN:24,System.Double spacebattle.SpaceShip::Turn(System.Double,System.Double,System.Boolean,System.Boolean,System.Boolean)
FNDA:4,System.Double spacebattle.SpaceShip::Turn(System.Double,System.Double,System.Boolean,System.Boolean,System.Boolean)
DA:25,4
DA:26,7
DA:27,3
DA:29,1
DA:30,1
DA:31,1
BRDA:26,2,0,3
BRDA:26,5,0,2
BRDA:26,2,1,2
BRDA:26,5,1,2
BRDA:26,17,0,3
BRDA:26,17,1,1
LF:18
LH:18
BRF:14
BRH:14
FNF:3
FNH:3
end_of_record